c:\users\james\desktop\c++ 연습\c++ 클래스\x64\debug\vc142.pdb
c:\users\james\desktop\c++ 연습\c++ 클래스\x64\debug\vc142.idb
c:\users\james\desktop\c++ 연습\c++ 클래스\x64\debug\55.1 this포인터.obj
c:\users\james\desktop\c++ 연습\c++ 클래스\x64\debug\56.2 생성자와 소멸자2.obj
c:\users\james\desktop\c++ 연습\c++ 클래스\x64\debug\57.1 생성자 사용법.obj
c:\users\james\desktop\c++ 연습\c++ 클래스\x64\debug\57.2 생성자 응용2.obj
c:\users\james\desktop\c++ 연습\c++ 클래스\x64\debug\58.1 정적 멤버(static).obj
c:\users\james\desktop\c++ 연습\c++ 클래스\x64\debug\58.2 정적 멤버.obj
c:\users\james\desktop\c++ 연습\c++ 클래스\x64\debug\59.1 정적 멤버 변수.obj
c:\users\james\desktop\c++ 연습\c++ 클래스\x64\debug\60.1 상수형 매개변수와 메서드.obj
c:\users\james\desktop\c++ 연습\c++ 문법1\x64\debug\c++ 클래스.exe
c:\users\james\desktop\c++ 연습\c++ 문법1\x64\debug\c++ 클래스.ilk
c:\users\james\desktop\c++ 연습\c++ 문법1\x64\debug\c++ 클래스.pdb
c:\users\james\desktop\c++ 연습\c++ 클래스\x64\debug\56.1 객체의 생성과 소멸.obj
c:\users\james\desktop\c++ 연습\c++ 클래스\x64\debug\c++ 클래스.tlog\cl.command.1.tlog
c:\users\james\desktop\c++ 연습\c++ 클래스\x64\debug\c++ 클래스.tlog\cl.read.1.tlog
c:\users\james\desktop\c++ 연습\c++ 클래스\x64\debug\c++ 클래스.tlog\cl.write.1.tlog
c:\users\james\desktop\c++ 연습\c++ 클래스\x64\debug\c++ 클래스.tlog\link.command.1.tlog
c:\users\james\desktop\c++ 연습\c++ 클래스\x64\debug\c++ 클래스.tlog\link.read.1.tlog
c:\users\james\desktop\c++ 연습\c++ 클래스\x64\debug\c++ 클래스.tlog\link.write.1.tlog
